<?xml version="1.0" encoding="UTF-8"?>
<!-- Generated by org.testng.reporters.JUnitXMLReporter -->
<testsuite ignored="5" hostname="HP-5CG1482VRX" failures="1" tests="3" name="Test" time="70.054" errors="0" timestamp="08 Jul 2025 18:48:37 GMT">
  <testcase classname="pageTest.AddPaintingPageTest" name="TC00011_Verify_entered_data_should_be_removed_from_the_fields_when_the_user_click_on_reset_form_CTA" time="18.192">
    <skipped/>
  </testcase> <!-- TC00011_Verify_entered_data_should_be_removed_from_the_fields_when_the_user_click_on_reset_form_CTA -->
  <testcase classname="pageTest.AddPaintingPageTest" name="TC00011_Verify_entered_data_should_be_removed_from_the_fields_when_the_user_click_on_reset_form_CTA" time="17.287">
    <skipped/>
  </testcase> <!-- TC00011_Verify_entered_data_should_be_removed_from_the_fields_when_the_user_click_on_reset_form_CTA -->
  <testcase classname="pageTest.AddPaintingPageTest" name="TC00011_Verify_entered_data_should_be_removed_from_the_fields_when_the_user_click_on_reset_form_CTA" time="17.247">
    <failure type="java.lang.AssertionError" message="expected [true] but found [false]">
      <![CDATA[java.lang.AssertionError: expected [true] but found [false]
at pageTest.AddPaintingPageTest.TC00011_Verify_entered_data_should_be_removed_from_the_fields_when_the_user_click_on_reset_form_CTA(AddPaintingPageTest.java:226)
... Removed 31 stack frames]]>
    </failure>
  </testcase> <!-- TC00011_Verify_entered_data_should_be_removed_from_the_fields_when_the_user_click_on_reset_form_CTA -->
  <testcase classname="pageTest.AddPaintingPageTest" name="TC07_verify_Required_Field_Validation" time="0.0">
    <ignored/>
  </testcase> <!-- TC07_verify_Required_Field_Validation -->
  <testcase classname="pageTest.AddPaintingPageTest" name="TC00012_Verify_New_paining_can_be_added_from_add_painting_page" time="0.0">
    <ignored/>
  </testcase> <!-- TC00012_Verify_New_paining_can_be_added_from_add_painting_page -->
  <testcase classname="pageTest.AddPaintingPageTest" name="TC08_verify_PriceField_Validation" time="0.0">
    <ignored/>
  </testcase> <!-- TC08_verify_PriceField_Validation -->
  <testcase classname="pageTest.AddPaintingPageTest" name="TC09_verify_CreationYearField_Validation" time="0.0">
    <ignored/>
  </testcase> <!-- TC09_verify_CreationYearField_Validation -->
  <testcase classname="pageTest.AddPaintingPageTest" name="TC005_Verify_Newly_added_Painting_is_displayed_in_Home_page" time="0.0">
    <ignored/>
  </testcase> <!-- TC005_Verify_Newly_added_Painting_is_displayed_in_Home_page -->
</testsuite> <!-- Test -->
