<?xml version="1.0" encoding="UTF-8"?>
<testng-results ignored="5" total="6" passed="1" failed="0" skipped="0">
  <reporter-output>
  </reporter-output>
  <suite started-at="2025-07-08T23:29:29 IST" name="Suite" finished-at="2025-07-08T23:29:54 IST" duration-ms="25156">
    <groups>
    </groups>
    <test started-at="2025-07-08T23:29:29 IST" name="Test" finished-at="2025-07-08T23:29:54 IST" duration-ms="25156">
      <class name="pageTest.AddPaintingPageTest">
        <test-method is-config="true" signature="setup(java.lang.String)[pri:0, instance:pageTest.AddPaintingPageTest@3023df74]" started-at="2025-07-08T23:29:31 IST" name="setup" finished-at="2025-07-08T23:29:35 IST" duration-ms="4368" status="PASS">
          <params>
            <param index="0">
              <value>
                <![CDATA[chrome]]>
              </value>
            </param>
          </params>
          <reporter-output>
          </reporter-output>
        </test-method> <!-- setup -->
        <test-method signature="TC00011_Verify_entered_data_should_be_removed_from_the_fields_when_the_user_click_on_reset_form_CTA(java.lang.String,java.lang.String,java.lang.String,java.lang.String,java.lang.String,java.lang.String,java.lang.String,java.lang.String)[pri:0, instance:pageTest.AddPaintingPageTest@3023df74]" started-at="2025-07-08T23:29:35 IST" name="TC00011_Verify_entered_data_should_be_removed_from_the_fields_when_the_user_click_on_reset_form_CTA" data-provider="AddPaintingValidData" finished-at="2025-07-08T23:29:53 IST" duration-ms="17504" status="PASS">
          <params>
            <param index="0">
              <value>
                <![CDATA[Animi]]>
              </value>
            </param>
            <param index="1">
              <value>
                <![CDATA[Ishita]]>
              </value>
            </param>
            <param index="2">
              <value>
                <![CDATA[1983X2643 in]]>
              </value>
            </param>
            <param index="3">
              <value>
                <![CDATA[Canvas]]>
              </value>
            </param>
            <param index="4">
              <value>
                <![CDATA[80]]>
              </value>
            </param>
            <param index="5">
              <value>
                <![CDATA[1800]]>
              </value>
            </param>
            <param index="6">
              <value>
                <![CDATA[Nature]]>
              </value>
            </param>
            <param index="7">
              <value>
                <![CDATA[Valid]]>
              </value>
            </param>
          </params>
          <reporter-output>
          </reporter-output>
        </test-method> <!-- TC00011_Verify_entered_data_should_be_removed_from_the_fields_when_the_user_click_on_reset_form_CTA -->
        <test-method is-config="true" signature="tearDown()[pri:0, instance:pageTest.AddPaintingPageTest@3023df74]" started-at="2025-07-08T23:29:53 IST" name="tearDown" finished-at="2025-07-08T23:29:54 IST" duration-ms="1204" status="PASS">
          <reporter-output>
          </reporter-output>
        </test-method> <!-- tearDown -->
      </class> <!-- pageTest.AddPaintingPageTest -->
    </test> <!-- Test -->
  </suite> <!-- Suite -->
</testng-results>
